Determining if the pthread_create exist failed with the following output:
Change Dir: /home/jgbroz/Documents/CS/catkin_ws_cs/build/catkin_tools_prebuild/CMakeFiles/CMakeTmp

Run Build Command:"/usr/bin/make" "cmTC_c83ed/fast"
/usr/bin/make -f CMakeFiles/cmTC_c83ed.dir/build.make CMakeFiles/cmTC_c83ed.dir/build
make[1]: Entering directory '/home/jgbroz/Documents/CS/catkin_ws_cs/build/catkin_tools_prebuild/CMakeFiles/CMakeTmp'
Building C object CMakeFiles/cmTC_c83ed.dir/CheckSymbolExists.c.o
/usr/bin/cc    -o CMakeFiles/cmTC_c83ed.dir/CheckSymbolExists.c.o   -c /home/jgbroz/Documents/CS/catkin_ws_cs/build/catkin_tools_prebuild/CMakeFiles/CMakeTmp/CheckSymbolExists.c
Linking C executable cmTC_c83ed
/usr/bin/cmake -E cmake_link_script CMakeFiles/cmTC_c83ed.dir/link.txt --verbose=1
/usr/bin/cc      -rdynamic CMakeFiles/cmTC_c83ed.dir/CheckSymbolExists.c.o  -o cmTC_c83ed 
CMakeFiles/cmTC_c83ed.dir/CheckSymbolExists.c.o: In function `main':
CheckSymbolExists.c:(.text+0x1b): undefined reference to `pthread_create'
collect2: error: ld returned 1 exit status
CMakeFiles/cmTC_c83ed.dir/build.make:97: recipe for target 'cmTC_c83ed' failed
make[1]: *** [cmTC_c83ed] Error 1
make[1]: Leaving directory '/home/jgbroz/Documents/CS/catkin_ws_cs/build/catkin_tools_prebuild/CMakeFiles/CMakeTmp'
Makefile:126: recipe for target 'cmTC_c83ed/fast' failed
make: *** [cmTC_c83ed/fast] Error 2

File /home/jgbroz/Documents/CS/catkin_ws_cs/build/catkin_tools_prebuild/CMakeFiles/CMakeTmp/CheckSymbolExists.c:
/* */
#include <pthread.h>

int main(int argc, char** argv)
{
  (void)argv;
#ifndef pthread_create
  return ((int*)(&pthread_create))[argc];
#else
  (void)argc;
  return 0;
#endif
}

Determining if the function pthread_create exists in the pthreads failed with the following output:
Change Dir: /home/jgbroz/Documents/CS/catkin_ws_cs/build/catkin_tools_prebuild/CMakeFiles/CMakeTmp

Run Build Command:"/usr/bin/make" "cmTC_5f209/fast"
/usr/bin/make -f CMakeFiles/cmTC_5f209.dir/build.make CMakeFiles/cmTC_5f209.dir/build
make[1]: Entering directory '/home/jgbroz/Documents/CS/catkin_ws_cs/build/catkin_tools_prebuild/CMakeFiles/CMakeTmp'
Building C object CMakeFiles/cmTC_5f209.dir/CheckFunctionExists.c.o
/usr/bin/cc   -DCHECK_FUNCTION_EXISTS=pthread_create   -o CMakeFiles/cmTC_5f209.dir/CheckFunctionExists.c.o   -c /usr/share/cmake-3.10/Modules/CheckFunctionExists.c
Linking C executable cmTC_5f209
/usr/bin/cmake -E cmake_link_script CMakeFiles/cmTC_5f209.dir/link.txt --verbose=1
/usr/bin/cc  -DCHECK_FUNCTION_EXISTS=pthread_create    -rdynamic CMakeFiles/cmTC_5f209.dir/CheckFunctionExists.c.o  -o cmTC_5f209 -lpthreads 
/usr/bin/ld: cannot find -lpthreads
collect2: error: ld returned 1 exit status
CMakeFiles/cmTC_5f209.dir/build.make:97: recipe for target 'cmTC_5f209' failed
make[1]: *** [cmTC_5f209] Error 1
make[1]: Leaving directory '/home/jgbroz/Documents/CS/catkin_ws_cs/build/catkin_tools_prebuild/CMakeFiles/CMakeTmp'
Makefile:126: recipe for target 'cmTC_5f209/fast' failed
make: *** [cmTC_5f209/fast] Error 2


