Determining if the pthread_create exist failed with the following output:
Change Dir: /home/jgbroz/Documents/CS/catkin_ws_cs/build/cs_msgs/CMakeFiles/CMakeTmp

Run Build Command:"/usr/bin/make" "cmTC_46123/fast"
/usr/bin/make -f CMakeFiles/cmTC_46123.dir/build.make CMakeFiles/cmTC_46123.dir/build
make[1]: Entering directory '/home/jgbroz/Documents/CS/catkin_ws_cs/build/cs_msgs/CMakeFiles/CMakeTmp'
Building C object CMakeFiles/cmTC_46123.dir/CheckSymbolExists.c.o
/usr/bin/cc    -o CMakeFiles/cmTC_46123.dir/CheckSymbolExists.c.o   -c /home/jgbroz/Documents/CS/catkin_ws_cs/build/cs_msgs/CMakeFiles/CMakeTmp/CheckSymbolExists.c
Linking C executable cmTC_46123
/usr/bin/cmake -E cmake_link_script CMakeFiles/cmTC_46123.dir/link.txt --verbose=1
/usr/bin/cc      -rdynamic CMakeFiles/cmTC_46123.dir/CheckSymbolExists.c.o  -o cmTC_46123 
CMakeFiles/cmTC_46123.dir/CheckSymbolExists.c.o: In function `main':
CheckSymbolExists.c:(.text+0x1b): undefined reference to `pthread_create'
collect2: error: ld returned 1 exit status
CMakeFiles/cmTC_46123.dir/build.make:97: recipe for target 'cmTC_46123' failed
make[1]: *** [cmTC_46123] Error 1
make[1]: Leaving directory '/home/jgbroz/Documents/CS/catkin_ws_cs/build/cs_msgs/CMakeFiles/CMakeTmp'
Makefile:126: recipe for target 'cmTC_46123/fast' failed
make: *** [cmTC_46123/fast] Error 2

File /home/jgbroz/Documents/CS/catkin_ws_cs/build/cs_msgs/CMakeFiles/CMakeTmp/CheckSymbolExists.c:
/* */
#include <pthread.h>

int main(int argc, char** argv)
{
  (void)argv;
#ifndef pthread_create
  return ((int*)(&pthread_create))[argc];
#else
  (void)argc;
  return 0;
#endif
}

Determining if the function pthread_create exists in the pthreads failed with the following output:
Change Dir: /home/jgbroz/Documents/CS/catkin_ws_cs/build/cs_msgs/CMakeFiles/CMakeTmp

Run Build Command:"/usr/bin/make" "cmTC_71552/fast"
/usr/bin/make -f CMakeFiles/cmTC_71552.dir/build.make CMakeFiles/cmTC_71552.dir/build
make[1]: Entering directory '/home/jgbroz/Documents/CS/catkin_ws_cs/build/cs_msgs/CMakeFiles/CMakeTmp'
Building C object CMakeFiles/cmTC_71552.dir/CheckFunctionExists.c.o
/usr/bin/cc   -DCHECK_FUNCTION_EXISTS=pthread_create   -o CMakeFiles/cmTC_71552.dir/CheckFunctionExists.c.o   -c /usr/share/cmake-3.10/Modules/CheckFunctionExists.c
Linking C executable cmTC_71552
/usr/bin/cmake -E cmake_link_script CMakeFiles/cmTC_71552.dir/link.txt --verbose=1
/usr/bin/cc  -DCHECK_FUNCTION_EXISTS=pthread_create    -rdynamic CMakeFiles/cmTC_71552.dir/CheckFunctionExists.c.o  -o cmTC_71552 -lpthreads 
/usr/bin/ld: cannot find -lpthreads
collect2: error: ld returned 1 exit status
CMakeFiles/cmTC_71552.dir/build.make:97: recipe for target 'cmTC_71552' failed
make[1]: *** [cmTC_71552] Error 1
make[1]: Leaving directory '/home/jgbroz/Documents/CS/catkin_ws_cs/build/cs_msgs/CMakeFiles/CMakeTmp'
Makefile:126: recipe for target 'cmTC_71552/fast' failed
make: *** [cmTC_71552/fast] Error 2


