[35m[1mScanning dependencies of target sensor_msgs_generate_messages_eus[0m
[35m[1mScanning dependencies of target sensor_msgs_generate_messages_nodejs[0m
[35m[1mScanning dependencies of target _cs_msgs_generate_messages_check_deps_Location[0m
[35m[1mScanning dependencies of target sensor_msgs_generate_messages_cpp[0m
[35m[1mScanning dependencies of target _cs_msgs_generate_messages_check_deps_Quality[0m
[35m[1mScanning dependencies of target sensor_msgs_generate_messages_lisp[0m
[35m[1mScanning dependencies of target _cs_msgs_generate_messages_check_deps_Images[0m
[35m[1mScanning dependencies of target sensor_msgs_generate_messages_py[0m
[  0%] Built target sensor_msgs_generate_messages_eus
[  0%] Built target sensor_msgs_generate_messages_nodejs
[  0%] Built target sensor_msgs_generate_messages_lisp
[  0%] Built target sensor_msgs_generate_messages_py
[  0%] Built target sensor_msgs_generate_messages_cpp
[  0%] Built target _cs_msgs_generate_messages_check_deps_Location
[  0%] Built target _cs_msgs_generate_messages_check_deps_Quality
[  0%] Built target _cs_msgs_generate_messages_check_deps_Images
[35m[1mScanning dependencies of target cs_msgs_generate_messages_py[0m
[35m[1mScanning dependencies of target cs_msgs_generate_messages_nodejs[0m
[35m[1mScanning dependencies of target cs_msgs_generate_messages_lisp[0m
[35m[1mScanning dependencies of target cs_msgs_generate_messages_eus[0m
[35m[1mScanning dependencies of target cs_msgs_generate_messages_cpp[0m
[  5%] [34m[1mGenerating Lisp code from cs_msgs/Quality.srv[0m
[ 11%] [34m[1mGenerating Lisp code from cs_msgs/Images.srv[0m
[ 23%] [34m[1mGenerating Python code from SRV cs_msgs/Quality[0m
[ 35%] [34m[1mGenerating Javascript code from cs_msgs/Quality.srv[0m
[ 35%] [34m[1mGenerating Python code from SRV cs_msgs/Location[0m
[ 35%] [34m[1mGenerating Python code from SRV cs_msgs/Images[0m
[ 41%] [34m[1mGenerating Lisp code from cs_msgs/Location.srv[0m
[ 47%] [34m[1mGenerating Javascript code from cs_msgs/Images.srv[0m
[ 52%] [34m[1mGenerating Javascript code from cs_msgs/Location.srv[0m
[ 58%] [34m[1mGenerating C++ code from cs_msgs/Images.srv[0m
[ 64%] [34m[1mGenerating EusLisp code from cs_msgs/Images.srv[0m
[ 70%] [34m[1mGenerating EusLisp code from cs_msgs/Quality.srv[0m
[ 82%] [34m[1mGenerating C++ code from cs_msgs/Quality.srv[0m
[ 82%] [34m[1mGenerating C++ code from cs_msgs/Location.srv[0m
[ 88%] [34m[1mGenerating EusLisp manifest code for cs_msgs[0m
[ 88%] Built target cs_msgs_generate_messages_nodejs
[ 94%] [34m[1mGenerating EusLisp code from cs_msgs/Location.srv[0m
[ 94%] Built target cs_msgs_generate_messages_lisp
[100%] [34m[1mGenerating Python srv __init__.py for cs_msgs[0m
[100%] Built target cs_msgs_generate_messages_py
[100%] Built target cs_msgs_generate_messages_cpp
[100%] Built target cs_msgs_generate_messages_eus
[35m[1mScanning dependencies of target cs_msgs_generate_messages[0m
[100%] Built target cs_msgs_generate_messages
