Linked: (/home/jgbroz/Documents/CS/catkin_ws_cs/devel/.private/cs_msgs/lib/pkgconfig/cs_msgs.pc, /home/jgbroz/Documents/CS/catkin_ws_cs/devel/lib/pkgconfig/cs_msgs.pc)
Linked: (/home/jgbroz/Documents/CS/catkin_ws_cs/devel/.private/cs_msgs/lib/python2.7/dist-packages/cs_msgs/__init__.py, /home/jgbroz/Documents/CS/catkin_ws_cs/devel/lib/python2.7/dist-packages/cs_msgs/__init__.py)
Linked: (/home/jgbroz/Documents/CS/catkin_ws_cs/devel/.private/cs_msgs/lib/python2.7/dist-packages/cs_msgs/srv/__init__.py, /home/jgbroz/Documents/CS/catkin_ws_cs/devel/lib/python2.7/dist-packages/cs_msgs/srv/__init__.py)
Linked: (/home/jgbroz/Documents/CS/catkin_ws_cs/devel/.private/cs_msgs/lib/python2.7/dist-packages/cs_msgs/srv/_Quality.py, /home/jgbroz/Documents/CS/catkin_ws_cs/devel/lib/python2.7/dist-packages/cs_msgs/srv/_Quality.py)
Linked: (/home/jgbroz/Documents/CS/catkin_ws_cs/devel/.private/cs_msgs/lib/python2.7/dist-packages/cs_msgs/srv/_Location.py, /home/jgbroz/Documents/CS/catkin_ws_cs/devel/lib/python2.7/dist-packages/cs_msgs/srv/_Location.py)
Linked: (/home/jgbroz/Documents/CS/catkin_ws_cs/devel/.private/cs_msgs/lib/python2.7/dist-packages/cs_msgs/srv/_Images.py, /home/jgbroz/Documents/CS/catkin_ws_cs/devel/lib/python2.7/dist-packages/cs_msgs/srv/_Images.py)
Linked: (/home/jgbroz/Documents/CS/catkin_ws_cs/devel/.private/cs_msgs/include/cs_msgs/LocationRequest.h, /home/jgbroz/Documents/CS/catkin_ws_cs/devel/include/cs_msgs/LocationRequest.h)
Linked: (/home/jgbroz/Documents/CS/catkin_ws_cs/devel/.private/cs_msgs/include/cs_msgs/ImagesResponse.h, /home/jgbroz/Documents/CS/catkin_ws_cs/devel/include/cs_msgs/ImagesResponse.h)
Linked: (/home/jgbroz/Documents/CS/catkin_ws_cs/devel/.private/cs_msgs/include/cs_msgs/QualityResponse.h, /home/jgbroz/Documents/CS/catkin_ws_cs/devel/include/cs_msgs/QualityResponse.h)
Linked: (/home/jgbroz/Documents/CS/catkin_ws_cs/devel/.private/cs_msgs/include/cs_msgs/LocationResponse.h, /home/jgbroz/Documents/CS/catkin_ws_cs/devel/include/cs_msgs/LocationResponse.h)
Linked: (/home/jgbroz/Documents/CS/catkin_ws_cs/devel/.private/cs_msgs/include/cs_msgs/ImagesRequest.h, /home/jgbroz/Documents/CS/catkin_ws_cs/devel/include/cs_msgs/ImagesRequest.h)
Linked: (/home/jgbroz/Documents/CS/catkin_ws_cs/devel/.private/cs_msgs/include/cs_msgs/QualityRequest.h, /home/jgbroz/Documents/CS/catkin_ws_cs/devel/include/cs_msgs/QualityRequest.h)
Linked: (/home/jgbroz/Documents/CS/catkin_ws_cs/devel/.private/cs_msgs/include/cs_msgs/Location.h, /home/jgbroz/Documents/CS/catkin_ws_cs/devel/include/cs_msgs/Location.h)
Linked: (/home/jgbroz/Documents/CS/catkin_ws_cs/devel/.private/cs_msgs/include/cs_msgs/Images.h, /home/jgbroz/Documents/CS/catkin_ws_cs/devel/include/cs_msgs/Images.h)
Linked: (/home/jgbroz/Documents/CS/catkin_ws_cs/devel/.private/cs_msgs/include/cs_msgs/Quality.h, /home/jgbroz/Documents/CS/catkin_ws_cs/devel/include/cs_msgs/Quality.h)
Linked: (/home/jgbroz/Documents/CS/catkin_ws_cs/devel/.private/cs_msgs/share/common-lisp/ros/cs_msgs/srv/Quality.lisp, /home/jgbroz/Documents/CS/catkin_ws_cs/devel/share/common-lisp/ros/cs_msgs/srv/Quality.lisp)
Linked: (/home/jgbroz/Documents/CS/catkin_ws_cs/devel/.private/cs_msgs/share/common-lisp/ros/cs_msgs/srv/_package.lisp, /home/jgbroz/Documents/CS/catkin_ws_cs/devel/share/common-lisp/ros/cs_msgs/srv/_package.lisp)
Linked: (/home/jgbroz/Documents/CS/catkin_ws_cs/devel/.private/cs_msgs/share/common-lisp/ros/cs_msgs/srv/Images.lisp, /home/jgbroz/Documents/CS/catkin_ws_cs/devel/share/common-lisp/ros/cs_msgs/srv/Images.lisp)
Linked: (/home/jgbroz/Documents/CS/catkin_ws_cs/devel/.private/cs_msgs/share/common-lisp/ros/cs_msgs/srv/_package_Images.lisp, /home/jgbroz/Documents/CS/catkin_ws_cs/devel/share/common-lisp/ros/cs_msgs/srv/_package_Images.lisp)
Linked: (/home/jgbroz/Documents/CS/catkin_ws_cs/devel/.private/cs_msgs/share/common-lisp/ros/cs_msgs/srv/_package_Location.lisp, /home/jgbroz/Documents/CS/catkin_ws_cs/devel/share/common-lisp/ros/cs_msgs/srv/_package_Location.lisp)
Linked: (/home/jgbroz/Documents/CS/catkin_ws_cs/devel/.private/cs_msgs/share/common-lisp/ros/cs_msgs/srv/cs_msgs-srv.asd, /home/jgbroz/Documents/CS/catkin_ws_cs/devel/share/common-lisp/ros/cs_msgs/srv/cs_msgs-srv.asd)
Linked: (/home/jgbroz/Documents/CS/catkin_ws_cs/devel/.private/cs_msgs/share/common-lisp/ros/cs_msgs/srv/_package_Quality.lisp, /home/jgbroz/Documents/CS/catkin_ws_cs/devel/share/common-lisp/ros/cs_msgs/srv/_package_Quality.lisp)
Linked: (/home/jgbroz/Documents/CS/catkin_ws_cs/devel/.private/cs_msgs/share/common-lisp/ros/cs_msgs/srv/Location.lisp, /home/jgbroz/Documents/CS/catkin_ws_cs/devel/share/common-lisp/ros/cs_msgs/srv/Location.lisp)
Linked: (/home/jgbroz/Documents/CS/catkin_ws_cs/devel/.private/cs_msgs/share/cs_msgs/cmake/cs_msgs-msg-extras.cmake, /home/jgbroz/Documents/CS/catkin_ws_cs/devel/share/cs_msgs/cmake/cs_msgs-msg-extras.cmake)
Linked: (/home/jgbroz/Documents/CS/catkin_ws_cs/devel/.private/cs_msgs/share/cs_msgs/cmake/cs_msgsConfig.cmake, /home/jgbroz/Documents/CS/catkin_ws_cs/devel/share/cs_msgs/cmake/cs_msgsConfig.cmake)
Linked: (/home/jgbroz/Documents/CS/catkin_ws_cs/devel/.private/cs_msgs/share/cs_msgs/cmake/cs_msgsConfig-version.cmake, /home/jgbroz/Documents/CS/catkin_ws_cs/devel/share/cs_msgs/cmake/cs_msgsConfig-version.cmake)
Linked: (/home/jgbroz/Documents/CS/catkin_ws_cs/devel/.private/cs_msgs/share/cs_msgs/cmake/cs_msgs-msg-paths.cmake, /home/jgbroz/Documents/CS/catkin_ws_cs/devel/share/cs_msgs/cmake/cs_msgs-msg-paths.cmake)
Linked: (/home/jgbroz/Documents/CS/catkin_ws_cs/devel/.private/cs_msgs/share/roseus/ros/cs_msgs/manifest.l, /home/jgbroz/Documents/CS/catkin_ws_cs/devel/share/roseus/ros/cs_msgs/manifest.l)
Linked: (/home/jgbroz/Documents/CS/catkin_ws_cs/devel/.private/cs_msgs/share/roseus/ros/cs_msgs/srv/Images.l, /home/jgbroz/Documents/CS/catkin_ws_cs/devel/share/roseus/ros/cs_msgs/srv/Images.l)
Linked: (/home/jgbroz/Documents/CS/catkin_ws_cs/devel/.private/cs_msgs/share/roseus/ros/cs_msgs/srv/Location.l, /home/jgbroz/Documents/CS/catkin_ws_cs/devel/share/roseus/ros/cs_msgs/srv/Location.l)
Linked: (/home/jgbroz/Documents/CS/catkin_ws_cs/devel/.private/cs_msgs/share/roseus/ros/cs_msgs/srv/Quality.l, /home/jgbroz/Documents/CS/catkin_ws_cs/devel/share/roseus/ros/cs_msgs/srv/Quality.l)
Linked: (/home/jgbroz/Documents/CS/catkin_ws_cs/devel/.private/cs_msgs/share/gennodejs/ros/cs_msgs/_index.js, /home/jgbroz/Documents/CS/catkin_ws_cs/devel/share/gennodejs/ros/cs_msgs/_index.js)
Linked: (/home/jgbroz/Documents/CS/catkin_ws_cs/devel/.private/cs_msgs/share/gennodejs/ros/cs_msgs/srv/_index.js, /home/jgbroz/Documents/CS/catkin_ws_cs/devel/share/gennodejs/ros/cs_msgs/srv/_index.js)
Linked: (/home/jgbroz/Documents/CS/catkin_ws_cs/devel/.private/cs_msgs/share/gennodejs/ros/cs_msgs/srv/Location.js, /home/jgbroz/Documents/CS/catkin_ws_cs/devel/share/gennodejs/ros/cs_msgs/srv/Location.js)
Linked: (/home/jgbroz/Documents/CS/catkin_ws_cs/devel/.private/cs_msgs/share/gennodejs/ros/cs_msgs/srv/Images.js, /home/jgbroz/Documents/CS/catkin_ws_cs/devel/share/gennodejs/ros/cs_msgs/srv/Images.js)
Linked: (/home/jgbroz/Documents/CS/catkin_ws_cs/devel/.private/cs_msgs/share/gennodejs/ros/cs_msgs/srv/Quality.js, /home/jgbroz/Documents/CS/catkin_ws_cs/devel/share/gennodejs/ros/cs_msgs/srv/Quality.js)
