Symlinking /home/jgbroz/Documents/CS/catkin_ws_cs/devel/lib/pkgconfig/cs_msgs.pc
Symlinking /home/jgbroz/Documents/CS/catkin_ws_cs/devel/lib/python2.7/dist-packages/cs_msgs/__init__.py
Symlinking /home/jgbroz/Documents/CS/catkin_ws_cs/devel/lib/python2.7/dist-packages/cs_msgs/srv/__init__.py
Symlinking /home/jgbroz/Documents/CS/catkin_ws_cs/devel/lib/python2.7/dist-packages/cs_msgs/srv/_Quality.py
Symlinking /home/jgbroz/Documents/CS/catkin_ws_cs/devel/lib/python2.7/dist-packages/cs_msgs/srv/_Location.py
Symlinking /home/jgbroz/Documents/CS/catkin_ws_cs/devel/lib/python2.7/dist-packages/cs_msgs/srv/_Images.py
Symlinking /home/jgbroz/Documents/CS/catkin_ws_cs/devel/include/cs_msgs/LocationRequest.h
Symlinking /home/jgbroz/Documents/CS/catkin_ws_cs/devel/include/cs_msgs/ImagesResponse.h
Symlinking /home/jgbroz/Documents/CS/catkin_ws_cs/devel/include/cs_msgs/QualityResponse.h
Symlinking /home/jgbroz/Documents/CS/catkin_ws_cs/devel/include/cs_msgs/LocationResponse.h
Symlinking /home/jgbroz/Documents/CS/catkin_ws_cs/devel/include/cs_msgs/ImagesRequest.h
Symlinking /home/jgbroz/Documents/CS/catkin_ws_cs/devel/include/cs_msgs/QualityRequest.h
Symlinking /home/jgbroz/Documents/CS/catkin_ws_cs/devel/include/cs_msgs/Location.h
Symlinking /home/jgbroz/Documents/CS/catkin_ws_cs/devel/include/cs_msgs/Images.h
Symlinking /home/jgbroz/Documents/CS/catkin_ws_cs/devel/include/cs_msgs/Quality.h
Symlinking /home/jgbroz/Documents/CS/catkin_ws_cs/devel/share/common-lisp/ros/cs_msgs/srv/Quality.lisp
Symlinking /home/jgbroz/Documents/CS/catkin_ws_cs/devel/share/common-lisp/ros/cs_msgs/srv/_package.lisp
Symlinking /home/jgbroz/Documents/CS/catkin_ws_cs/devel/share/common-lisp/ros/cs_msgs/srv/Images.lisp
Symlinking /home/jgbroz/Documents/CS/catkin_ws_cs/devel/share/common-lisp/ros/cs_msgs/srv/_package_Images.lisp
Symlinking /home/jgbroz/Documents/CS/catkin_ws_cs/devel/share/common-lisp/ros/cs_msgs/srv/_package_Location.lisp
Symlinking /home/jgbroz/Documents/CS/catkin_ws_cs/devel/share/common-lisp/ros/cs_msgs/srv/cs_msgs-srv.asd
Symlinking /home/jgbroz/Documents/CS/catkin_ws_cs/devel/share/common-lisp/ros/cs_msgs/srv/_package_Quality.lisp
Symlinking /home/jgbroz/Documents/CS/catkin_ws_cs/devel/share/common-lisp/ros/cs_msgs/srv/Location.lisp
Symlinking /home/jgbroz/Documents/CS/catkin_ws_cs/devel/share/cs_msgs/cmake/cs_msgs-msg-extras.cmake
Symlinking /home/jgbroz/Documents/CS/catkin_ws_cs/devel/share/cs_msgs/cmake/cs_msgsConfig.cmake
Symlinking /home/jgbroz/Documents/CS/catkin_ws_cs/devel/share/cs_msgs/cmake/cs_msgsConfig-version.cmake
Symlinking /home/jgbroz/Documents/CS/catkin_ws_cs/devel/share/cs_msgs/cmake/cs_msgs-msg-paths.cmake
Symlinking /home/jgbroz/Documents/CS/catkin_ws_cs/devel/share/roseus/ros/cs_msgs/manifest.l
Symlinking /home/jgbroz/Documents/CS/catkin_ws_cs/devel/share/roseus/ros/cs_msgs/srv/Images.l
Symlinking /home/jgbroz/Documents/CS/catkin_ws_cs/devel/share/roseus/ros/cs_msgs/srv/Location.l
Symlinking /home/jgbroz/Documents/CS/catkin_ws_cs/devel/share/roseus/ros/cs_msgs/srv/Quality.l
Symlinking /home/jgbroz/Documents/CS/catkin_ws_cs/devel/share/gennodejs/ros/cs_msgs/_index.js
Symlinking /home/jgbroz/Documents/CS/catkin_ws_cs/devel/share/gennodejs/ros/cs_msgs/srv/_index.js
Symlinking /home/jgbroz/Documents/CS/catkin_ws_cs/devel/share/gennodejs/ros/cs_msgs/srv/Location.js
Symlinking /home/jgbroz/Documents/CS/catkin_ws_cs/devel/share/gennodejs/ros/cs_msgs/srv/Images.js
Symlinking /home/jgbroz/Documents/CS/catkin_ws_cs/devel/share/gennodejs/ros/cs_msgs/srv/Quality.js
