Determining if the pthread_create exist failed with the following output:
Change Dir: /home/jgbroz/Documents/CS/catkin_ws_cs/build/CS/CMakeFiles/CMakeTmp

Run Build Command:"/usr/bin/make" "cmTC_cf41d/fast"
/usr/bin/make -f CMakeFiles/cmTC_cf41d.dir/build.make CMakeFiles/cmTC_cf41d.dir/build
make[1]: Entering directory '/home/jgbroz/Documents/CS/catkin_ws_cs/build/CS/CMakeFiles/CMakeTmp'
Building C object CMakeFiles/cmTC_cf41d.dir/CheckSymbolExists.c.o
/usr/bin/cc    -o CMakeFiles/cmTC_cf41d.dir/CheckSymbolExists.c.o   -c /home/jgbroz/Documents/CS/catkin_ws_cs/build/CS/CMakeFiles/CMakeTmp/CheckSymbolExists.c
Linking C executable cmTC_cf41d
/usr/bin/cmake -E cmake_link_script CMakeFiles/cmTC_cf41d.dir/link.txt --verbose=1
/usr/bin/cc      -rdynamic CMakeFiles/cmTC_cf41d.dir/CheckSymbolExists.c.o  -o cmTC_cf41d 
CMakeFiles/cmTC_cf41d.dir/CheckSymbolExists.c.o: In function `main':
CheckSymbolExists.c:(.text+0x1b): undefined reference to `pthread_create'
collect2: error: ld returned 1 exit status
CMakeFiles/cmTC_cf41d.dir/build.make:97: recipe for target 'cmTC_cf41d' failed
make[1]: *** [cmTC_cf41d] Error 1
make[1]: Leaving directory '/home/jgbroz/Documents/CS/catkin_ws_cs/build/CS/CMakeFiles/CMakeTmp'
Makefile:126: recipe for target 'cmTC_cf41d/fast' failed
make: *** [cmTC_cf41d/fast] Error 2

File /home/jgbroz/Documents/CS/catkin_ws_cs/build/CS/CMakeFiles/CMakeTmp/CheckSymbolExists.c:
/* */
#include <pthread.h>

int main(int argc, char** argv)
{
  (void)argv;
#ifndef pthread_create
  return ((int*)(&pthread_create))[argc];
#else
  (void)argc;
  return 0;
#endif
}

Determining if the function pthread_create exists in the pthreads failed with the following output:
Change Dir: /home/jgbroz/Documents/CS/catkin_ws_cs/build/CS/CMakeFiles/CMakeTmp

Run Build Command:"/usr/bin/make" "cmTC_19347/fast"
/usr/bin/make -f CMakeFiles/cmTC_19347.dir/build.make CMakeFiles/cmTC_19347.dir/build
make[1]: Entering directory '/home/jgbroz/Documents/CS/catkin_ws_cs/build/CS/CMakeFiles/CMakeTmp'
Building C object CMakeFiles/cmTC_19347.dir/CheckFunctionExists.c.o
/usr/bin/cc   -DCHECK_FUNCTION_EXISTS=pthread_create   -o CMakeFiles/cmTC_19347.dir/CheckFunctionExists.c.o   -c /usr/share/cmake-3.10/Modules/CheckFunctionExists.c
Linking C executable cmTC_19347
/usr/bin/cmake -E cmake_link_script CMakeFiles/cmTC_19347.dir/link.txt --verbose=1
/usr/bin/cc  -DCHECK_FUNCTION_EXISTS=pthread_create    -rdynamic CMakeFiles/cmTC_19347.dir/CheckFunctionExists.c.o  -o cmTC_19347 -lpthreads 
/usr/bin/ld: cannot find -lpthreads
collect2: error: ld returned 1 exit status
CMakeFiles/cmTC_19347.dir/build.make:97: recipe for target 'cmTC_19347' failed
make[1]: *** [cmTC_19347] Error 1
make[1]: Leaving directory '/home/jgbroz/Documents/CS/catkin_ws_cs/build/CS/CMakeFiles/CMakeTmp'
Makefile:126: recipe for target 'cmTC_19347/fast' failed
make: *** [cmTC_19347/fast] Error 2


